<?xml version="1.0" encoding="UTF-8"?>
<!-- Generated by org.testng.reporters.JUnitXMLReporter -->
<testsuite ignored="0" hostname="Akeem" failures="0" tests="12" name="Default test" time="32.494" errors="0" timestamp="2024-02-12T12:58:26 CST">
  <testcase classname="api.tests.DDTests" name="testPostCustomer" time="3.121"/>
  <testcase classname="api.tests.DDTests" name="testPostCustomer" time="0.737"/>
  <testcase classname="api.tests.DDTests" name="testPostCustomer" time="0.728"/>
  <testcase classname="api.tests.DDTests" name="testPostCustomer" time="0.643"/>
  <testcase classname="api.tests.DDTests" name="testPostCustomer" time="9.678"/>
  <testcase classname="api.tests.DDTests" name="testPostCustomer" time="0.938"/>
  <testcase classname="api.tests.DDTests" name="getCustomer" time="0.822"/>
  <testcase classname="api.tests.DDTests" name="getCustomer" time="9.79"/>
  <testcase classname="api.tests.DDTests" name="getCustomer" time="0.816"/>
  <testcase classname="api.tests.DDTests" name="getCustomer" time="1.119"/>
  <testcase classname="api.tests.DDTests" name="getCustomer" time="0.711"/>
  <testcase classname="api.tests.DDTests" name="getCustomer" time="1.662"/>
</testsuite> <!-- Default test -->
