<?xml version="1.0" encoding="UTF-8"?>
<!-- Generated by org.testng.reporters.JUnitXMLReporter -->
<testsuite ignored="0" hostname="Akeem" failures="0" tests="3" name="Test" time="17.398" errors="0" timestamp="2024-02-13T06:10:23 CST">
  <testcase classname="api.tests.CustomerTests2" name="retrieveAllCustomers" time="5.501"/>
  <testcase classname="api.tests.CustomerTests2" name="testPostCustomers" time="10.416"/>
  <testcase classname="api.tests.CustomerTests2" name="GetSingleCustomer" time="0.911"/>
</testsuite> <!-- Test -->
