<?xml version="1.0" encoding="UTF-8"?>
<!-- Generated by org.testng.reporters.JUnitXMLReporter -->
<testsuite ignored="0" hostname="Akeem" failures="0" tests="3" name="Test" time="5.417" errors="0" timestamp="2024-02-13T06:45:04 CST">
  <testcase classname="api.tests.CustomerTests2" name="retrieveAllCustomers" time="3.043"/>
  <testcase classname="api.tests.CustomerTests2" name="testPostCustomers" time="1.239"/>
  <testcase classname="api.tests.CustomerTests2" name="GetSingleCustomer" time="0.651"/>
</testsuite> <!-- Test -->
