<?xml version="1.0" encoding="UTF-8"?>
<testng-results ignored="0" total="3" passed="3" failed="0" skipped="0">
  <reporter-output>
  </reporter-output>
  <suite started-at="2024-02-13T06:10:05 CST" name="Suite" finished-at="2024-02-13T06:10:23 CST" duration-ms="17398">
    <groups>
    </groups>
    <test started-at="2024-02-13T06:10:05 CST" name="Test" finished-at="2024-02-13T06:10:23 CST" duration-ms="17398">
      <class name="api.tests.CustomerTests2">
        <test-method is-config="true" signature="setUpData()[pri:0, instance:api.tests.CustomerTests2@7e07db1f]" started-at="2024-02-13T06:10:06 CST" name="setUpData" finished-at="2024-02-13T06:10:06 CST" duration-ms="271" status="PASS">
          <reporter-output>
          </reporter-output>
        </test-method> <!-- setUpData -->
        <test-method signature="retrieveAllCustomers()[pri:1, instance:api.tests.CustomerTests2@7e07db1f]" started-at="2024-02-13T06:10:06 CST" name="retrieveAllCustomers" finished-at="2024-02-13T06:10:12 CST" duration-ms="5501" status="PASS">
          <reporter-output>
          </reporter-output>
        </test-method> <!-- retrieveAllCustomers -->
        <test-method signature="testPostCustomers()[pri:2, instance:api.tests.CustomerTests2@7e07db1f]" started-at="2024-02-13T06:10:12 CST" name="testPostCustomers" finished-at="2024-02-13T06:10:22 CST" duration-ms="10416" status="PASS">
          <reporter-output>
          </reporter-output>
        </test-method> <!-- testPostCustomers -->
        <test-method signature="GetSingleCustomer()[pri:3, instance:api.tests.CustomerTests2@7e07db1f]" started-at="2024-02-13T06:10:22 CST" name="GetSingleCustomer" finished-at="2024-02-13T06:10:23 CST" duration-ms="911" status="PASS">
          <reporter-output>
          </reporter-output>
        </test-method> <!-- GetSingleCustomer -->
      </class> <!-- api.tests.CustomerTests2 -->
    </test> <!-- Test -->
  </suite> <!-- Suite -->
</testng-results>
